This file contains any messages produced by compilers while
running configure, to aid debugging if configure makes a mistake.

It was created by telepresence configure 2.1, which was
generated by GNU Autoconf 2.68.  Invocation command line was

  $ ./configure 

## --------- ##
## Platform. ##
## --------- ##

hostname = suirui
uname -m = x86_64
uname -r = 3.13.0-32-generic
uname -s = Linux
uname -v = #57~precise1-Ubuntu SMP Tue Jul 15 03:51:20 UTC 2014

/usr/bin/uname -p = unknown
/bin/uname -X     = unknown

/bin/arch              = unknown
/usr/bin/arch -k       = unknown
/usr/convex/getsysinfo = unknown
/usr/bin/hostinfo      = unknown
/bin/machine           = unknown
/usr/bin/oslevel       = unknown
/bin/universe          = unknown

PATH: /usr/lib/lightdm/lightdm
PATH: /usr/local/sbin
PATH: /usr/local/bin
PATH: /usr/sbin
PATH: /usr/bin
PATH: /sbin
PATH: /bin
PATH: /usr/games
PATH: /usr/lib/jvm/java-8-oracle/bin
PATH: /usr/lib/jvm/java-8-oracle/db/bin
PATH: /usr/lib/jvm/java-8-oracle/jre/bin


## ----------- ##
## Core tests. ##
## ----------- ##

configure:2523: checking for a BSD-compatible install
configure:2591: result: /usr/bin/install -c
configure:2602: checking whether build environment is sane
configure:2652: result: yes
configure:2793: checking for a thread-safe mkdir -p
configure:2832: result: /bin/mkdir -p
configure:2845: checking for gawk
configure:2875: result: no
configure:2845: checking for mawk
configure:2861: found /usr/bin/mawk
configure:2872: result: mawk
configure:2883: checking whether make sets $(MAKE)
configure:2905: result: yes
configure:3038: checking for gcc
configure:3054: found /usr/bin/gcc
configure:3065: result: gcc
configure:3294: checking for C compiler version
configure:3303: gcc --version >&5
gcc (Ubuntu/Linaro 4.6.3-1ubuntu5) 4.6.3
Copyright (C) 2011 Free Software Foundation, Inc.
This is free software; see the source for copying conditions.  There is NO
warranty; not even for MERCHANTABILITY or FITNESS FOR A PARTICULAR PURPOSE.

configure:3314: $? = 0
configure:3303: gcc -v >&5
Using built-in specs.
COLLECT_GCC=gcc
COLLECT_LTO_WRAPPER=/usr/lib/gcc/x86_64-linux-gnu/4.6/lto-wrapper
Target: x86_64-linux-gnu
Configured with: ../src/configure -v --with-pkgversion='Ubuntu/Linaro 4.6.3-1ubuntu5' --with-bugurl=file:///usr/share/doc/gcc-4.6/README.Bugs --enable-languages=c,c++,fortran,objc,obj-c++ --prefix=/usr --program-suffix=-4.6 --enable-shared --enable-linker-build-id --with-system-zlib --libexecdir=/usr/lib --without-included-gettext --enable-threads=posix --with-gxx-include-dir=/usr/include/c++/4.6 --libdir=/usr/lib --enable-nls --with-sysroot=/ --enable-clocale=gnu --enable-libstdcxx-debug --enable-libstdcxx-time=yes --enable-gnu-unique-object --enable-plugin --enable-objc-gc --disable-werror --with-arch-32=i686 --with-tune=generic --enable-checking=release --build=x86_64-linux-gnu --host=x86_64-linux-gnu --target=x86_64-linux-gnu
Thread model: posix
gcc version 4.6.3 (Ubuntu/Linaro 4.6.3-1ubuntu5) 
configure:3314: $? = 0
configure:3303: gcc -V >&5
gcc: error: unrecognized option '-V'
gcc: fatal error: no input files
compilation terminated.
configure:3314: $? = 4
configure:3303: gcc -qversion >&5
gcc: error: unrecognized option '-qversion'
gcc: fatal error: no input files
compilation terminated.
configure:3314: $? = 4
configure:3334: checking whether the C compiler works
configure:3356: gcc    conftest.c  >&5
configure:3360: $? = 0
configure:3408: result: yes
configure:3411: checking for C compiler default output file name
configure:3413: result: a.out
configure:3419: checking for suffix of executables
configure:3426: gcc -o conftest    conftest.c  >&5
configure:3430: $? = 0
configure:3452: result: 
configure:3474: checking whether we are cross compiling
configure:3482: gcc -o conftest    conftest.c  >&5
configure:3486: $? = 0
configure:3493: ./conftest
configure:3497: $? = 0
configure:3512: result: no
configure:3517: checking for suffix of object files
configure:3539: gcc -c   conftest.c >&5
configure:3543: $? = 0
configure:3564: result: o
configure:3568: checking whether we are using the GNU C compiler
configure:3587: gcc -c   conftest.c >&5
configure:3587: $? = 0
configure:3596: result: yes
configure:3605: checking whether gcc accepts -g
configure:3625: gcc -c -g  conftest.c >&5
configure:3625: $? = 0
configure:3666: result: yes
configure:3683: checking for gcc option to accept ISO C89
configure:3747: gcc  -c -g -O2  conftest.c >&5
configure:3747: $? = 0
configure:3760: result: none needed
configure:3791: checking for style of include used by make
configure:3819: result: GNU
configure:3845: checking dependency style of gcc
configure:3956: result: gcc3
configure:4029: checking for g++
configure:4045: found /usr/bin/g++
configure:4056: result: g++
configure:4083: checking for C++ compiler version
configure:4092: g++ --version >&5
g++ (Ubuntu/Linaro 4.6.3-1ubuntu5) 4.6.3
Copyright (C) 2011 Free Software Foundation, Inc.
This is free software; see the source for copying conditions.  There is NO
warranty; not even for MERCHANTABILITY or FITNESS FOR A PARTICULAR PURPOSE.

configure:4103: $? = 0
configure:4092: g++ -v >&5
Using built-in specs.
COLLECT_GCC=g++
COLLECT_LTO_WRAPPER=/usr/lib/gcc/x86_64-linux-gnu/4.6/lto-wrapper
Target: x86_64-linux-gnu
Configured with: ../src/configure -v --with-pkgversion='Ubuntu/Linaro 4.6.3-1ubuntu5' --with-bugurl=file:///usr/share/doc/gcc-4.6/README.Bugs --enable-languages=c,c++,fortran,objc,obj-c++ --prefix=/usr --program-suffix=-4.6 --enable-shared --enable-linker-build-id --with-system-zlib --libexecdir=/usr/lib --without-included-gettext --enable-threads=posix --with-gxx-include-dir=/usr/include/c++/4.6 --libdir=/usr/lib --enable-nls --with-sysroot=/ --enable-clocale=gnu --enable-libstdcxx-debug --enable-libstdcxx-time=yes --enable-gnu-unique-object --enable-plugin --enable-objc-gc --disable-werror --with-arch-32=i686 --with-tune=generic --enable-checking=release --build=x86_64-linux-gnu --host=x86_64-linux-gnu --target=x86_64-linux-gnu
Thread model: posix
gcc version 4.6.3 (Ubuntu/Linaro 4.6.3-1ubuntu5) 
configure:4103: $? = 0
configure:4092: g++ -V >&5
g++: error: unrecognized option '-V'
g++: fatal error: no input files
compilation terminated.
configure:4103: $? = 4
configure:4092: g++ -qversion >&5
g++: error: unrecognized option '-qversion'
g++: fatal error: no input files
compilation terminated.
configure:4103: $? = 4
configure:4107: checking whether we are using the GNU C++ compiler
configure:4126: g++ -c   conftest.cpp >&5
configure:4126: $? = 0
configure:4135: result: yes
configure:4144: checking whether g++ accepts -g
configure:4164: g++ -c -g  conftest.cpp >&5
configure:4164: $? = 0
configure:4205: result: yes
configure:4230: checking dependency style of g++
configure:4341: result: gcc3
configure:4357: checking whether gcc and cc understand -c and -o together
configure:4388: gcc -c conftest.c -o conftest2.o >&5
configure:4392: $? = 0
configure:4398: gcc -c conftest.c -o conftest2.o >&5
configure:4402: $? = 0
configure:4413: cc -c conftest.c >&5
configure:4417: $? = 0
configure:4425: cc -c conftest.c -o conftest2.o >&5
configure:4429: $? = 0
configure:4435: cc -c conftest.c -o conftest2.o >&5
configure:4439: $? = 0
configure:4457: result: yes
configure:4485: checking for a sed that does not truncate output
configure:4549: result: /bin/sed
configure:4555: checking whether make sets $(MAKE)
configure:4577: result: yes
configure:4641: checking for pkg-config
configure:4659: found /usr/bin/pkg-config
configure:4671: result: /usr/bin/pkg-config
configure:4696: checking pkg-config is at least version 0.9.0
configure:4699: result: yes
configure:4735: checking how to run the C preprocessor
configure:4766: gcc -E  conftest.c
configure:4766: $? = 0
configure:4780: gcc -E  conftest.c
conftest.c:11:28: fatal error: ac_nonexistent.h: No such file or directory
compilation terminated.
configure:4780: $? = 1
configure: failed program was:
| /* confdefs.h */
| #define PACKAGE_NAME "telepresence"
| #define PACKAGE_TARNAME "telepresence"
| #define PACKAGE_VERSION "2.1"
| #define PACKAGE_STRING "telepresence 2.1"
| #define PACKAGE_BUGREPORT "opentelepresence(at)googlegroups(dot)com"
| #define PACKAGE_URL ""
| #define PACKAGE "telepresence"
| #define VERSION "2.1"
| /* end confdefs.h.  */
| #include <ac_nonexistent.h>
configure:4805: result: gcc -E
configure:4825: gcc -E  conftest.c
configure:4825: $? = 0
configure:4839: gcc -E  conftest.c
conftest.c:11:28: fatal error: ac_nonexistent.h: No such file or directory
compilation terminated.
configure:4839: $? = 1
configure: failed program was:
| /* confdefs.h */
| #define PACKAGE_NAME "telepresence"
| #define PACKAGE_TARNAME "telepresence"
| #define PACKAGE_VERSION "2.1"
| #define PACKAGE_STRING "telepresence 2.1"
| #define PACKAGE_BUGREPORT "opentelepresence(at)googlegroups(dot)com"
| #define PACKAGE_URL ""
| #define PACKAGE "telepresence"
| #define VERSION "2.1"
| /* end confdefs.h.  */
| #include <ac_nonexistent.h>
configure:4868: checking for grep that handles long lines and -e
configure:4926: result: /bin/grep
configure:4931: checking for egrep
configure:4993: result: /bin/grep -E
configure:4998: checking for ANSI C header files
configure:5018: gcc -c -g -O2  conftest.c >&5
configure:5018: $? = 0
configure:5091: gcc -o conftest -g -O2   conftest.c  >&5
configure:5091: $? = 0
configure:5091: ./conftest
configure:5091: $? = 0
configure:5102: result: yes
configure:5115: checking for sys/types.h
configure:5115: gcc -c -g -O2  conftest.c >&5
configure:5115: $? = 0
configure:5115: result: yes
configure:5115: checking for sys/stat.h
configure:5115: gcc -c -g -O2  conftest.c >&5
configure:5115: $? = 0
configure:5115: result: yes
configure:5115: checking for stdlib.h
configure:5115: gcc -c -g -O2  conftest.c >&5
configure:5115: $? = 0
configure:5115: result: yes
configure:5115: checking for string.h
configure:5115: gcc -c -g -O2  conftest.c >&5
configure:5115: $? = 0
configure:5115: result: yes
configure:5115: checking for memory.h
configure:5115: gcc -c -g -O2  conftest.c >&5
configure:5115: $? = 0
configure:5115: result: yes
configure:5115: checking for strings.h
configure:5115: gcc -c -g -O2  conftest.c >&5
configure:5115: $? = 0
configure:5115: result: yes
configure:5115: checking for inttypes.h
configure:5115: gcc -c -g -O2  conftest.c >&5
configure:5115: $? = 0
configure:5115: result: yes
configure:5115: checking for stdint.h
configure:5115: gcc -c -g -O2  conftest.c >&5
configure:5115: $? = 0
configure:5115: result: yes
configure:5115: checking for unistd.h
configure:5115: gcc -c -g -O2  conftest.c >&5
configure:5115: $? = 0
configure:5115: result: yes
configure:5130: checking for unistd.h
configure:5130: result: yes
configure:5130: checking spawn.h usability
configure:5130: gcc -c -g -O2  conftest.c >&5
configure:5130: $? = 0
configure:5130: result: yes
configure:5130: checking spawn.h presence
configure:5130: gcc -E  conftest.c
configure:5130: $? = 0
configure:5130: result: yes
configure:5130: checking for spawn.h
configure:5130: result: yes
configure:5130: checking sys/wait.h usability
configure:5130: gcc -c -g -O2  conftest.c >&5
configure:5130: $? = 0
configure:5130: result: yes
configure:5130: checking sys/wait.h presence
configure:5130: gcc -E  conftest.c
configure:5130: $? = 0
configure:5130: result: yes
configure:5130: checking for sys/wait.h
configure:5130: result: yes
configure:5130: checking errno.h usability
configure:5130: gcc -c -g -O2  conftest.c >&5
configure:5130: $? = 0
configure:5130: result: yes
configure:5130: checking errno.h presence
configure:5130: gcc -E  conftest.c
configure:5130: $? = 0
configure:5130: result: yes
configure:5130: checking for errno.h
configure:5130: result: yes
configure:5140: checking for dlopen in -lc
configure:5174: result: no
configure:5180: checking for dlopen in -ldl
configure:5251: gcc -o conftest -g -O2   conftest.c -ldl   >&5
configure:5251: $? = 0
configure:5260: result: yes
configure:5272: checking for fork
configure:5272: gcc -o conftest -g -O2   conftest.c  >&5
conftest.c:48:6: warning: conflicting types for built-in function 'fork' [enabled by default]
configure:5272: $? = 0
configure:5272: result: yes
configure:5272: checking for vfork
configure:5272: gcc -o conftest -g -O2   conftest.c  >&5
configure:5272: $? = 0
configure:5272: result: yes
configure:5272: checking for execl
configure:5272: gcc -o conftest -g -O2   conftest.c  >&5
conftest.c:50:6: warning: conflicting types for built-in function 'execl' [enabled by default]
configure:5272: $? = 0
configure:5272: result: yes
configure:5272: checking for posix_spawn
configure:5272: gcc -o conftest -g -O2   conftest.c  >&5
configure:5272: $? = 0
configure:5272: result: yes
configure:5272: checking for waitpid
configure:5272: gcc -o conftest -g -O2   conftest.c  >&5
configure:5272: $? = 0
configure:5272: result: yes
configure:5272: checking for setpgid
configure:5272: gcc -o conftest -g -O2   conftest.c  >&5
configure:5272: $? = 0
configure:5272: result: yes
configure:5272: checking for popen
configure:5272: gcc -o conftest -g -O2   conftest.c  >&5
configure:5272: $? = 0
configure:5272: result: yes
configure:5272: checking for pclose
configure:5272: gcc -o conftest -g -O2   conftest.c  >&5
configure:5272: $? = 0
configure:5272: result: yes
configure:5314: checking for LIBAVCODEC
configure:5321: $PKG_CONFIG --exists --print-errors "libavcodec >= ${LIBAVCODEC_MINVER}"
configure:5324: $? = 0
configure:5338: $PKG_CONFIG --exists --print-errors "libavcodec >= ${LIBAVCODEC_MINVER}"
configure:5341: $? = 0
configure:5381: result: yes
configure:5388: checking for LIBAVFILTER
configure:5395: $PKG_CONFIG --exists --print-errors "libavfilter >= ${LIBAVFILTER_MINVER}"
configure:5398: $? = 0
configure:5412: $PKG_CONFIG --exists --print-errors "libavfilter >= ${LIBAVFILTER_MINVER}"
configure:5415: $? = 0
configure:5455: result: yes
configure:5462: checking for LIBAVFORMAT
configure:5469: $PKG_CONFIG --exists --print-errors "libavformat >= ${LIBAVFORMAT_MINVER}"
configure:5472: $? = 0
configure:5486: $PKG_CONFIG --exists --print-errors "libavformat >= ${LIBAVFORMAT_MINVER}"
configure:5489: $? = 0
configure:5529: result: yes
configure:5536: checking for LIBAVUTIL
configure:5543: $PKG_CONFIG --exists --print-errors "libavutil >= ${LIBAVUTIL_MINVER}"
configure:5546: $? = 0
configure:5560: $PKG_CONFIG --exists --print-errors "libavutil >= ${LIBAVUTIL_MINVER}"
configure:5563: $? = 0
configure:5603: result: yes
configure:5610: checking for LIBSWRESAMPLE
configure:5617: $PKG_CONFIG --exists --print-errors "libswresample >= ${LIBSWRESAMPLE_MINVER}"
configure:5620: $? = 0
configure:5634: $PKG_CONFIG --exists --print-errors "libswresample >= ${LIBSWRESAMPLE_MINVER}"
configure:5637: $? = 0
configure:5677: result: yes
configure:5684: checking for LIBSWSCAL
configure:5691: $PKG_CONFIG --exists --print-errors "libswscale >= ${LIBSWSCAL_MINVER}"
configure:5694: $? = 0
configure:5708: $PKG_CONFIG --exists --print-errors "libswscale >= ${LIBSWSCAL_MINVER}"
configure:5711: $? = 0
configure:5751: result: yes
configure:6177: checking for OPENAL
configure:6184: $PKG_CONFIG --exists --print-errors "openal >= ${OPENAL_MINVER}"
configure:6187: $? = 0
configure:6201: $PKG_CONFIG --exists --print-errors "openal >= ${OPENAL_MINVER}"
configure:6204: $? = 0
configure:6258: result: yes
configure:6370: checking how to run the C++ preprocessor
configure:6397: g++ -E -DUNX -DSAL_UNX -DCPPU_ENV=gcc3 -I/opt/openoffice4/sdk/includecpp -I/opt/openoffice4/sdk/include  conftest.cpp
configure:6397: $? = 0
configure:6411: g++ -E -DUNX -DSAL_UNX -DCPPU_ENV=gcc3 -I/opt/openoffice4/sdk/includecpp -I/opt/openoffice4/sdk/include  conftest.cpp
conftest.cpp:35:28: fatal error: ac_nonexistent.h: No such file or directory
compilation terminated.
configure:6411: $? = 1
configure: failed program was:
| /* confdefs.h */
| #define PACKAGE_NAME "telepresence"
| #define PACKAGE_TARNAME "telepresence"
| #define PACKAGE_VERSION "2.1"
| #define PACKAGE_STRING "telepresence 2.1"
| #define PACKAGE_BUGREPORT "opentelepresence(at)googlegroups(dot)com"
| #define PACKAGE_URL ""
| #define PACKAGE "telepresence"
| #define VERSION "2.1"
| #define STDC_HEADERS 1
| #define HAVE_SYS_TYPES_H 1
| #define HAVE_SYS_STAT_H 1
| #define HAVE_STDLIB_H 1
| #define HAVE_STRING_H 1
| #define HAVE_MEMORY_H 1
| #define HAVE_STRINGS_H 1
| #define HAVE_INTTYPES_H 1
| #define HAVE_STDINT_H 1
| #define HAVE_UNISTD_H 1
| #define HAVE_UNISTD_H 1
| #define HAVE_SPAWN_H 1
| #define HAVE_SYS_WAIT_H 1
| #define HAVE_ERRNO_H 1
| #define HAVE_FORK 1
| #define HAVE_VFORK 1
| #define HAVE_EXECL 1
| #define HAVE_POSIX_SPAWN 1
| #define HAVE_WAITPID 1
| #define HAVE_SETPGID 1
| #define HAVE_POPEN 1
| #define HAVE_PCLOSE 1
| #define HAVE_FFMPEG 1
| #define HAVE_OPENAL 1
| /* end confdefs.h.  */
| #include <ac_nonexistent.h>
configure:6436: result: g++ -E
configure:6456: g++ -E -DUNX -DSAL_UNX -DCPPU_ENV=gcc3 -I/opt/openoffice4/sdk/includecpp -I/opt/openoffice4/sdk/include  conftest.cpp
configure:6456: $? = 0
configure:6470: g++ -E -DUNX -DSAL_UNX -DCPPU_ENV=gcc3 -I/opt/openoffice4/sdk/includecpp -I/opt/openoffice4/sdk/include  conftest.cpp
conftest.cpp:35:28: fatal error: ac_nonexistent.h: No such file or directory
compilation terminated.
configure:6470: $? = 1
configure: failed program was:
| /* confdefs.h */
| #define PACKAGE_NAME "telepresence"
| #define PACKAGE_TARNAME "telepresence"
| #define PACKAGE_VERSION "2.1"
| #define PACKAGE_STRING "telepresence 2.1"
| #define PACKAGE_BUGREPORT "opentelepresence(at)googlegroups(dot)com"
| #define PACKAGE_URL ""
| #define PACKAGE "telepresence"
| #define VERSION "2.1"
| #define STDC_HEADERS 1
| #define HAVE_SYS_TYPES_H 1
| #define HAVE_SYS_STAT_H 1
| #define HAVE_STDLIB_H 1
| #define HAVE_STRING_H 1
| #define HAVE_MEMORY_H 1
| #define HAVE_STRINGS_H 1
| #define HAVE_INTTYPES_H 1
| #define HAVE_STDINT_H 1
| #define HAVE_UNISTD_H 1
| #define HAVE_UNISTD_H 1
| #define HAVE_SPAWN_H 1
| #define HAVE_SYS_WAIT_H 1
| #define HAVE_ERRNO_H 1
| #define HAVE_FORK 1
| #define HAVE_VFORK 1
| #define HAVE_EXECL 1
| #define HAVE_POSIX_SPAWN 1
| #define HAVE_WAITPID 1
| #define HAVE_SETPGID 1
| #define HAVE_POPEN 1
| #define HAVE_PCLOSE 1
| #define HAVE_FFMPEG 1
| #define HAVE_OPENAL 1
| /* end confdefs.h.  */
| #include <ac_nonexistent.h>
configure:6501: checking com/sun/star/bridge/XUnoUrlResolver.hpp usability
configure:6501: g++ -c -g -O2 -DUNX -DSAL_UNX -DCPPU_ENV=gcc3 -I/opt/openoffice4/sdk/includecpp -I/opt/openoffice4/sdk/include  conftest.cpp >&5
conftest.cpp:68:51: fatal error: com/sun/star/bridge/XUnoUrlResolver.hpp: No such file or directory
compilation terminated.
configure:6501: $? = 1
configure: failed program was:
| /* confdefs.h */
| #define PACKAGE_NAME "telepresence"
| #define PACKAGE_TARNAME "telepresence"
| #define PACKAGE_VERSION "2.1"
| #define PACKAGE_STRING "telepresence 2.1"
| #define PACKAGE_BUGREPORT "opentelepresence(at)googlegroups(dot)com"
| #define PACKAGE_URL ""
| #define PACKAGE "telepresence"
| #define VERSION "2.1"
| #define STDC_HEADERS 1
| #define HAVE_SYS_TYPES_H 1
| #define HAVE_SYS_STAT_H 1
| #define HAVE_STDLIB_H 1
| #define HAVE_STRING_H 1
| #define HAVE_MEMORY_H 1
| #define HAVE_STRINGS_H 1
| #define HAVE_INTTYPES_H 1
| #define HAVE_STDINT_H 1
| #define HAVE_UNISTD_H 1
| #define HAVE_UNISTD_H 1
| #define HAVE_SPAWN_H 1
| #define HAVE_SYS_WAIT_H 1
| #define HAVE_ERRNO_H 1
| #define HAVE_FORK 1
| #define HAVE_VFORK 1
| #define HAVE_EXECL 1
| #define HAVE_POSIX_SPAWN 1
| #define HAVE_WAITPID 1
| #define HAVE_SETPGID 1
| #define HAVE_POPEN 1
| #define HAVE_PCLOSE 1
| #define HAVE_FFMPEG 1
| #define HAVE_OPENAL 1
| /* end confdefs.h.  */
| #include <stdio.h>
| #ifdef HAVE_SYS_TYPES_H
| # include <sys/types.h>
| #endif
| #ifdef HAVE_SYS_STAT_H
| # include <sys/stat.h>
| #endif
| #ifdef STDC_HEADERS
| # include <stdlib.h>
| # include <stddef.h>
| #else
| # ifdef HAVE_STDLIB_H
| #  include <stdlib.h>
| # endif
| #endif
| #ifdef HAVE_STRING_H
| # if !defined STDC_HEADERS && defined HAVE_MEMORY_H
| #  include <memory.h>
| # endif
| # include <string.h>
| #endif
| #ifdef HAVE_STRINGS_H
| # include <strings.h>
| #endif
| #ifdef HAVE_INTTYPES_H
| # include <inttypes.h>
| #endif
| #ifdef HAVE_STDINT_H
| # include <stdint.h>
| #endif
| #ifdef HAVE_UNISTD_H
| # include <unistd.h>
| #endif
| #include <com/sun/star/bridge/XUnoUrlResolver.hpp>
configure:6501: result: no
configure:6501: checking com/sun/star/bridge/XUnoUrlResolver.hpp presence
configure:6501: g++ -E -DUNX -DSAL_UNX -DCPPU_ENV=gcc3 -I/opt/openoffice4/sdk/includecpp -I/opt/openoffice4/sdk/include  conftest.cpp
conftest.cpp:35:51: fatal error: com/sun/star/bridge/XUnoUrlResolver.hpp: No such file or directory
compilation terminated.
configure:6501: $? = 1
configure: failed program was:
| /* confdefs.h */
| #define PACKAGE_NAME "telepresence"
| #define PACKAGE_TARNAME "telepresence"
| #define PACKAGE_VERSION "2.1"
| #define PACKAGE_STRING "telepresence 2.1"
| #define PACKAGE_BUGREPORT "opentelepresence(at)googlegroups(dot)com"
| #define PACKAGE_URL ""
| #define PACKAGE "telepresence"
| #define VERSION "2.1"
| #define STDC_HEADERS 1
| #define HAVE_SYS_TYPES_H 1
| #define HAVE_SYS_STAT_H 1
| #define HAVE_STDLIB_H 1
| #define HAVE_STRING_H 1
| #define HAVE_MEMORY_H 1
| #define HAVE_STRINGS_H 1
| #define HAVE_INTTYPES_H 1
| #define HAVE_STDINT_H 1
| #define HAVE_UNISTD_H 1
| #define HAVE_UNISTD_H 1
| #define HAVE_SPAWN_H 1
| #define HAVE_SYS_WAIT_H 1
| #define HAVE_ERRNO_H 1
| #define HAVE_FORK 1
| #define HAVE_VFORK 1
| #define HAVE_EXECL 1
| #define HAVE_POSIX_SPAWN 1
| #define HAVE_WAITPID 1
| #define HAVE_SETPGID 1
| #define HAVE_POPEN 1
| #define HAVE_PCLOSE 1
| #define HAVE_FFMPEG 1
| #define HAVE_OPENAL 1
| /* end confdefs.h.  */
| #include <com/sun/star/bridge/XUnoUrlResolver.hpp>
configure:6501: result: no
configure:6501: checking for com/sun/star/bridge/XUnoUrlResolver.hpp
configure:6501: result: no
configure:6662: checking for TINYSAK
configure:6669: $PKG_CONFIG --exists --print-errors "tinySAK >= ${DOUBANGO_MINVER}"
configure:6672: $? = 0
configure:6686: $PKG_CONFIG --exists --print-errors "tinySAK >= ${DOUBANGO_MINVER}"
configure:6689: $? = 0
configure:6729: result: yes
configure:6736: checking for TINYNET
configure:6743: $PKG_CONFIG --exists --print-errors "tinyNET >= ${DOUBANGO_MINVER}"
configure:6746: $? = 0
configure:6760: $PKG_CONFIG --exists --print-errors "tinyNET >= ${DOUBANGO_MINVER}"
configure:6763: $? = 0
configure:6803: result: yes
configure:6810: checking for TINYHTTP
configure:6817: $PKG_CONFIG --exists --print-errors "tinyHTTP >= ${DOUBANGO_MINVER}"
configure:6820: $? = 0
configure:6834: $PKG_CONFIG --exists --print-errors "tinyHTTP >= ${DOUBANGO_MINVER}"
configure:6837: $? = 0
configure:6877: result: yes
configure:6884: checking for TINYSIP
configure:6891: $PKG_CONFIG --exists --print-errors "tinySIP >= ${DOUBANGO_MINVER}"
configure:6894: $? = 0
configure:6908: $PKG_CONFIG --exists --print-errors "tinySIP >= ${DOUBANGO_MINVER}"
configure:6911: $? = 0
configure:6951: result: yes
configure:6958: checking for TINYDAV
configure:6965: $PKG_CONFIG --exists --print-errors "tinyDAV >= ${DOUBANGO_MINVER}"
configure:6968: $? = 0
configure:6982: $PKG_CONFIG --exists --print-errors "tinyDAV >= ${DOUBANGO_MINVER}"
configure:6985: $? = 0
configure:7025: result: yes
configure:7032: checking for TINYSDP
configure:7039: $PKG_CONFIG --exists --print-errors "tinySDP >= ${DOUBANGO_MINVER}"
configure:7042: $? = 0
configure:7056: $PKG_CONFIG --exists --print-errors "tinySDP >= ${DOUBANGO_MINVER}"
configure:7059: $? = 0
configure:7099: result: yes
configure:7106: checking for TINYBFCP
configure:7113: $PKG_CONFIG --exists --print-errors "tinyBFCP >= ${DOUBANGO_MINVER}"
configure:7116: $? = 0
configure:7130: $PKG_CONFIG --exists --print-errors "tinyBFCP >= ${DOUBANGO_MINVER}"
configure:7133: $? = 0
configure:7173: result: yes
configure:7180: checking for TINYSIGCOMP
configure:7187: $PKG_CONFIG --exists --print-errors "tinySIGCOMP >= ${DOUBANGO_MINVER}"
configure:7190: $? = 0
configure:7204: $PKG_CONFIG --exists --print-errors "tinySIGCOMP >= ${DOUBANGO_MINVER}"
configure:7207: $? = 0
configure:7247: result: yes
configure:7254: checking for TINYMEDIA
configure:7261: $PKG_CONFIG --exists --print-errors "tinyMEDIA >= ${DOUBANGO_MINVER}"
configure:7264: $? = 0
configure:7278: $PKG_CONFIG --exists --print-errors "tinyMEDIA >= ${DOUBANGO_MINVER}"
configure:7281: $? = 0
configure:7321: result: yes
configure:7328: checking for TINYXCAP
configure:7335: $PKG_CONFIG --exists --print-errors "tinyXCAP >= ${DOUBANGO_MINVER}"
configure:7338: $? = 0
configure:7352: $PKG_CONFIG --exists --print-errors "tinyXCAP >= ${DOUBANGO_MINVER}"
configure:7355: $? = 0
configure:7395: result: yes
configure:7402: checking for TINYSMS
configure:7409: $PKG_CONFIG --exists --print-errors "tinySMS >= ${DOUBANGO_MINVER}"
configure:7412: $? = 0
configure:7426: $PKG_CONFIG --exists --print-errors "tinySMS >= ${DOUBANGO_MINVER}"
configure:7429: $? = 0
configure:7469: result: yes
configure:7476: checking for TINYMSRP
configure:7483: $PKG_CONFIG --exists --print-errors "tinyMSRP >= ${DOUBANGO_MINVER}"
configure:7486: $? = 0
configure:7500: $PKG_CONFIG --exists --print-errors "tinyMSRP >= ${DOUBANGO_MINVER}"
configure:7503: $? = 0
configure:7543: result: yes
configure:7550: checking for TINYRTP
configure:7557: $PKG_CONFIG --exists --print-errors "tinyRTP >= ${DOUBANGO_MINVER}"
configure:7560: $? = 0
configure:7574: $PKG_CONFIG --exists --print-errors "tinyRTP >= ${DOUBANGO_MINVER}"
configure:7577: $? = 0
configure:7617: result: yes
configure:7624: checking for TINYIPSEC
configure:7631: $PKG_CONFIG --exists --print-errors "tinyIPSec >= ${DOUBANGO_MINVER}"
configure:7634: $? = 0
configure:7648: $PKG_CONFIG --exists --print-errors "tinyIPSec >= ${DOUBANGO_MINVER}"
configure:7651: $? = 0
configure:7691: result: yes
configure:8733: creating ./config.status

## ---------------------- ##
## Running config.status. ##
## ---------------------- ##

This file was extended by telepresence config.status 2.1, which was
generated by GNU Autoconf 2.68.  Invocation command line was

  CONFIG_FILES    = 
  CONFIG_HEADERS  = 
  CONFIG_LINKS    = 
  CONFIG_COMMANDS = 
  $ ./config.status 

on suirui

config.status:969: creating Makefile
config.status:969: creating config.h
config.status:1150: config.h is unchanged
config.status:1198: executing depfiles commands
configure:10117:

**************************************************************************
 				CONGRATULATIONS
**************************************************************************
Target OS:                                     Linux
Target CPU:                                    x86_64
Host setup:                                    
Install prefix:                                /usr/local
Compiler:                                      gcc

OpenAL Soft (3D audio):                        yes

OpenOffice/LibreOffice (Presentaion sharing):  no

DOUBANGO
     MIN_VER:                                  2.0.1192
     TINYSAK:                                  yes
     TINYNET:                                  yes
     TINYHTTP:                                 yes
     TINYSIP:                                  yes
     TINYDAV:                                  yes
     TINYSDP:                                  yes
     TINYBFCP:                                 yes
     TINYSIGCOMP:                              yes
     TINYMEDIA:                                yes
     TINYXCAP:                                 yes
     TINYSMS:                                  yes
     TINYMSRP:                                 yes
     TINYRTP:                                  yes
     TINYIPSEC:                                yes

FFMPEG

    AVCODEC:                                   yes
    AVFILTER                                   yes
    AVFORMAT                                   yes
    AVUTIL                                     yes
    SWRESAMPLE                                 yes
    SWSCAL                                     yes



Report issues at https://groups.google.com/group/opentelepresence

-------------------------------------------------------------------------
Next steps
  1) run 'make' to build the source
  2) run 'make install' to install binaries
  3) run 'make samples' to install sample files (required at least once)
-------------------------------------------------------------------------



## ---------------- ##
## Cache variables. ##
## ---------------- ##

ac_cv_c_compiler_gnu=yes
ac_cv_cxx_compiler_gnu=yes
ac_cv_env_CCC_set=
ac_cv_env_CCC_value=
ac_cv_env_CC_set=
ac_cv_env_CC_value=
ac_cv_env_CFLAGS_set=
ac_cv_env_CFLAGS_value=
ac_cv_env_CPPFLAGS_set=
ac_cv_env_CPPFLAGS_value=
ac_cv_env_CPP_set=
ac_cv_env_CPP_value=
ac_cv_env_CXXCPP_set=
ac_cv_env_CXXCPP_value=
ac_cv_env_CXXFLAGS_set=
ac_cv_env_CXXFLAGS_value=
ac_cv_env_CXX_set=
ac_cv_env_CXX_value=
ac_cv_env_LDFLAGS_set=
ac_cv_env_LDFLAGS_value=
ac_cv_env_LIBAVCODEC_CFLAGS_set=
ac_cv_env_LIBAVCODEC_CFLAGS_value=
ac_cv_env_LIBAVCODEC_LIBS_set=
ac_cv_env_LIBAVCODEC_LIBS_value=
ac_cv_env_LIBAVFILTER_CFLAGS_set=
ac_cv_env_LIBAVFILTER_CFLAGS_value=
ac_cv_env_LIBAVFILTER_LIBS_set=
ac_cv_env_LIBAVFILTER_LIBS_value=
ac_cv_env_LIBAVFORMAT_CFLAGS_set=
ac_cv_env_LIBAVFORMAT_CFLAGS_value=
ac_cv_env_LIBAVFORMAT_LIBS_set=
ac_cv_env_LIBAVFORMAT_LIBS_value=
ac_cv_env_LIBAVUTIL_CFLAGS_set=
ac_cv_env_LIBAVUTIL_CFLAGS_value=
ac_cv_env_LIBAVUTIL_LIBS_set=
ac_cv_env_LIBAVUTIL_LIBS_value=
ac_cv_env_LIBSWRESAMPLE_CFLAGS_set=
ac_cv_env_LIBSWRESAMPLE_CFLAGS_value=
ac_cv_env_LIBSWRESAMPLE_LIBS_set=
ac_cv_env_LIBSWRESAMPLE_LIBS_value=
ac_cv_env_LIBSWSCAL_CFLAGS_set=
ac_cv_env_LIBSWSCAL_CFLAGS_value=
ac_cv_env_LIBSWSCAL_LIBS_set=
ac_cv_env_LIBSWSCAL_LIBS_value=
ac_cv_env_LIBS_set=
ac_cv_env_LIBS_value=
ac_cv_env_OPENAL_CFLAGS_set=
ac_cv_env_OPENAL_CFLAGS_value=
ac_cv_env_OPENAL_LIBS_set=
ac_cv_env_OPENAL_LIBS_value=
ac_cv_env_PKG_CONFIG_LIBDIR_set=
ac_cv_env_PKG_CONFIG_LIBDIR_value=
ac_cv_env_PKG_CONFIG_PATH_set=
ac_cv_env_PKG_CONFIG_PATH_value=
ac_cv_env_PKG_CONFIG_set=
ac_cv_env_PKG_CONFIG_value=
ac_cv_env_TINYBFCP_CFLAGS_set=
ac_cv_env_TINYBFCP_CFLAGS_value=
ac_cv_env_TINYBFCP_LIBS_set=
ac_cv_env_TINYBFCP_LIBS_value=
ac_cv_env_TINYDAV_CFLAGS_set=
ac_cv_env_TINYDAV_CFLAGS_value=
ac_cv_env_TINYDAV_LIBS_set=
ac_cv_env_TINYDAV_LIBS_value=
ac_cv_env_TINYHTTP_CFLAGS_set=
ac_cv_env_TINYHTTP_CFLAGS_value=
ac_cv_env_TINYHTTP_LIBS_set=
ac_cv_env_TINYHTTP_LIBS_value=
ac_cv_env_TINYIPSEC_CFLAGS_set=
ac_cv_env_TINYIPSEC_CFLAGS_value=
ac_cv_env_TINYIPSEC_LIBS_set=
ac_cv_env_TINYIPSEC_LIBS_value=
ac_cv_env_TINYMEDIA_CFLAGS_set=
ac_cv_env_TINYMEDIA_CFLAGS_value=
ac_cv_env_TINYMEDIA_LIBS_set=
ac_cv_env_TINYMEDIA_LIBS_value=
ac_cv_env_TINYMSRP_CFLAGS_set=
ac_cv_env_TINYMSRP_CFLAGS_value=
ac_cv_env_TINYMSRP_LIBS_set=
ac_cv_env_TINYMSRP_LIBS_value=
ac_cv_env_TINYNET_CFLAGS_set=
ac_cv_env_TINYNET_CFLAGS_value=
ac_cv_env_TINYNET_LIBS_set=
ac_cv_env_TINYNET_LIBS_value=
ac_cv_env_TINYRTP_CFLAGS_set=
ac_cv_env_TINYRTP_CFLAGS_value=
ac_cv_env_TINYRTP_LIBS_set=
ac_cv_env_TINYRTP_LIBS_value=
ac_cv_env_TINYSAK_CFLAGS_set=
ac_cv_env_TINYSAK_CFLAGS_value=
ac_cv_env_TINYSAK_LIBS_set=
ac_cv_env_TINYSAK_LIBS_value=
ac_cv_env_TINYSDP_CFLAGS_set=
ac_cv_env_TINYSDP_CFLAGS_value=
ac_cv_env_TINYSDP_LIBS_set=
ac_cv_env_TINYSDP_LIBS_value=
ac_cv_env_TINYSIGCOMP_CFLAGS_set=
ac_cv_env_TINYSIGCOMP_CFLAGS_value=
ac_cv_env_TINYSIGCOMP_LIBS_set=
ac_cv_env_TINYSIGCOMP_LIBS_value=
ac_cv_env_TINYSIP_CFLAGS_set=
ac_cv_env_TINYSIP_CFLAGS_value=
ac_cv_env_TINYSIP_LIBS_set=
ac_cv_env_TINYSIP_LIBS_value=
ac_cv_env_TINYSMS_CFLAGS_set=
ac_cv_env_TINYSMS_CFLAGS_value=
ac_cv_env_TINYSMS_LIBS_set=
ac_cv_env_TINYSMS_LIBS_value=
ac_cv_env_TINYXCAP_CFLAGS_set=
ac_cv_env_TINYXCAP_CFLAGS_value=
ac_cv_env_TINYXCAP_LIBS_set=
ac_cv_env_TINYXCAP_LIBS_value=
ac_cv_env_build_alias_set=
ac_cv_env_build_alias_value=
ac_cv_env_host_alias_set=
ac_cv_env_host_alias_value=
ac_cv_env_target_alias_set=
ac_cv_env_target_alias_value=
ac_cv_func_execl=yes
ac_cv_func_fork=yes
ac_cv_func_pclose=yes
ac_cv_func_popen=yes
ac_cv_func_posix_spawn=yes
ac_cv_func_setpgid=yes
ac_cv_func_vfork=yes
ac_cv_func_waitpid=yes
ac_cv_header_com_sun_star_bridge_XUnoUrlResolver_hpp=no
ac_cv_header_errno_h=yes
ac_cv_header_inttypes_h=yes
ac_cv_header_memory_h=yes
ac_cv_header_spawn_h=yes
ac_cv_header_stdc=yes
ac_cv_header_stdint_h=yes
ac_cv_header_stdlib_h=yes
ac_cv_header_string_h=yes
ac_cv_header_strings_h=yes
ac_cv_header_sys_stat_h=yes
ac_cv_header_sys_types_h=yes
ac_cv_header_sys_wait_h=yes
ac_cv_header_unistd_h=yes
ac_cv_lib_c_dlopen=no
ac_cv_lib_dl_dlopen=yes
ac_cv_objext=o
ac_cv_path_EGREP='/bin/grep -E'
ac_cv_path_GREP=/bin/grep
ac_cv_path_SED=/bin/sed
ac_cv_path_ac_pt_PKG_CONFIG=/usr/bin/pkg-config
ac_cv_path_install='/usr/bin/install -c'
ac_cv_path_mkdir=/bin/mkdir
ac_cv_prog_AWK=mawk
ac_cv_prog_CPP='gcc -E'
ac_cv_prog_CXXCPP='g++ -E'
ac_cv_prog_ac_ct_CC=gcc
ac_cv_prog_ac_ct_CXX=g++
ac_cv_prog_cc_c89=
ac_cv_prog_cc_g=yes
ac_cv_prog_cc_gcc_c_o=yes
ac_cv_prog_cxx_g=yes
ac_cv_prog_make_make_set=yes
am_cv_CC_dependencies_compiler_type=gcc3
am_cv_CXX_dependencies_compiler_type=gcc3
pkg_cv_LIBAVCODEC_CFLAGS='-I/usr/local/include  '
pkg_cv_LIBAVCODEC_LIBS='-L/usr/local/lib -lavcodec  '
pkg_cv_LIBAVFILTER_CFLAGS='-I/usr/local/include  '
pkg_cv_LIBAVFILTER_LIBS='-L/usr/local/lib -lavfilter  '
pkg_cv_LIBAVFORMAT_CFLAGS='-I/usr/local/include  '
pkg_cv_LIBAVFORMAT_LIBS='-L/usr/local/lib -lavformat  '
pkg_cv_LIBAVUTIL_CFLAGS='-I/usr/local/include  '
pkg_cv_LIBAVUTIL_LIBS='-L/usr/local/lib -lavutil  '
pkg_cv_LIBSWRESAMPLE_CFLAGS='-I/usr/local/include  '
pkg_cv_LIBSWRESAMPLE_LIBS='-L/usr/local/lib -lswresample  '
pkg_cv_LIBSWSCAL_CFLAGS='-I/usr/local/include  '
pkg_cv_LIBSWSCAL_LIBS='-L/usr/local/lib -lswscale  '
pkg_cv_OPENAL_CFLAGS='-I/usr/local/include -I/usr/local/include/AL  '
pkg_cv_OPENAL_LIBS='-L/usr/local/lib -lopenal  '
pkg_cv_TINYBFCP_CFLAGS='-I/usr/local/include/tinybfcp -I/usr/local/include/tinysak -I/usr/local/include/tinynet  '
pkg_cv_TINYBFCP_LIBS='-L/usr/local/lib -ltinyBFCP  '
pkg_cv_TINYDAV_CFLAGS='-I/usr/local/include/tinydav -I/usr/local/include/tinysak -I/usr/local/include/tinynet -I/usr/local/include/tinysdp -I/usr/local/include/tinybfcp -I/usr/local/include/tinyrtp -I/usr/local/include/tinymedia -I/usr/local/include/tinymsrp -I/usr/local/include/tinyhttp  '
pkg_cv_TINYDAV_LIBS='-L/usr/local/lib -ltinyDAV  '
pkg_cv_TINYHTTP_CFLAGS='-I/usr/local/include/tinyhttp -I/usr/local/include/tinysak -I/usr/local/include/tinynet  '
pkg_cv_TINYHTTP_LIBS='-L/usr/local/lib -ltinyHTTP  '
pkg_cv_TINYIPSEC_CFLAGS='-I/usr/local/include/tinyipsec -I/usr/local/include/tinysak  '
pkg_cv_TINYIPSEC_LIBS='-L/usr/local/lib -ltinyIPSec  '
pkg_cv_TINYMEDIA_CFLAGS='-I/usr/local/include/tinymedia -I/usr/local/include/tinysak -I/usr/local/include/tinynet -I/usr/local/include/tinysdp  '
pkg_cv_TINYMEDIA_LIBS='-L/usr/local/lib -ltinyMEDIA  '
pkg_cv_TINYMSRP_CFLAGS='-I/usr/local/include/tinymsrp -I/usr/local/include/tinysak -I/usr/local/include/tinynet -I/usr/local/include/tinysdp -I/usr/local/include/tinyhttp  '
pkg_cv_TINYMSRP_LIBS='-L/usr/local/lib -ltinyMSRP  '
pkg_cv_TINYNET_CFLAGS='-I/usr/local/include/tinynet -I/usr/local/include/tinysak  '
pkg_cv_TINYNET_LIBS='-L/usr/local/lib -ltinyNET  '
pkg_cv_TINYRTP_CFLAGS='-I/usr/local/include/tinyrtp -I/usr/local/include/tinysak -I/usr/local/include/tinynet -I/usr/local/include/tinymedia -I/usr/local/include/tinysdp  '
pkg_cv_TINYRTP_LIBS='-L/usr/local/lib -ltinyRTP  '
pkg_cv_TINYSAK_CFLAGS='-I/usr/local/include/tinysak  '
pkg_cv_TINYSAK_LIBS='-L/usr/local/lib -ltinySAK  '
pkg_cv_TINYSDP_CFLAGS='-I/usr/local/include/tinysdp -I/usr/local/include/tinysak  '
pkg_cv_TINYSDP_LIBS='-L/usr/local/lib -ltinySDP  '
pkg_cv_TINYSIGCOMP_CFLAGS='-I/usr/local/include/tinysigcomp -I/usr/local/include/tinysak  '
pkg_cv_TINYSIGCOMP_LIBS='-L/usr/local/lib -ltinySIGCOMP  '
pkg_cv_TINYSIP_CFLAGS='-I/usr/local/include/tinysip -I/usr/local/include/tinysak -I/usr/local/include/tinynet -I/usr/local/include/tinyhttp -I/usr/local/include/tinyipsec -I/usr/local/include/tinysdp -I/usr/local/include/tinymedia -I/usr/local/include/tinysigcomp  '
pkg_cv_TINYSIP_LIBS='-L/usr/local/lib -ltinySIP  '
pkg_cv_TINYSMS_CFLAGS='-I/usr/local/include/tinysms -I/usr/local/include/tinysak  '
pkg_cv_TINYSMS_LIBS='-L/usr/local/lib -ltinySMS  '
pkg_cv_TINYXCAP_CFLAGS='-I/usr/local/include/tinyxcap -I/usr/local/include/tinysak -I/usr/local/include/tinynet -I/usr/local/include/tinyhttp  '
pkg_cv_TINYXCAP_LIBS='-L/usr/local/lib -ltinyXCAP  '

## ----------------- ##
## Output variables. ##
## ----------------- ##

ACLOCAL='${SHELL} /home/suirui/mcuForRecoder/trunk/telepresence/missing --run aclocal-1.11'
AMDEPBACKSLASH='\'
AMDEP_FALSE='#'
AMDEP_TRUE=''
AMTAR='$${TAR-tar}'
AUTOCONF='${SHELL} /home/suirui/mcuForRecoder/trunk/telepresence/missing --run autoconf'
AUTOHEADER='${SHELL} /home/suirui/mcuForRecoder/trunk/telepresence/missing --run autoheader'
AUTOMAKE='${SHELL} /home/suirui/mcuForRecoder/trunk/telepresence/missing --run automake-1.11'
AWK='mawk'
CC='gcc'
CCDEPMODE='depmode=gcc3'
CFLAGS='-g -O2'
CPP='gcc -E'
CPPFLAGS=''
CXX='g++'
CXXCPP='g++ -E'
CXXDEPMODE='depmode=gcc3'
CXXFLAGS='-g -O2'
CYGPATH_W='echo'
DEFS='-DHAVE_CONFIG_H'
DEPDIR='.deps'
DOUBANGO_INCLUDES_PATH=''
DOUBANGO_LIBS_FALLBACK=''
DOUBANGO_MINVER='2.0.1192'
ECHO_C=''
ECHO_N='-n'
ECHO_T=''
EGREP='/bin/grep -E'
EXEEXT=''
FFMPEG_INCLUDES_FALLBACK=''
FFMPEG_LIBS_FALLBACK=''
GREP='/bin/grep'
INSTALL_DATA='${INSTALL} -m 644'
INSTALL_PROGRAM='${INSTALL}'
INSTALL_SCRIPT='${INSTALL}'
INSTALL_STRIP_PROGRAM='$(install_sh) -c -s'
LDFLAGS='-L/opt/openoffice4/sdk/lib '
LIBAVCODEC_CFLAGS='-I/usr/local/include  '
LIBAVCODEC_LIBS='-L/usr/local/lib -lavcodec  '
LIBAVCODEC_MINVER='54.92.100'
LIBAVFILTER_CFLAGS='-I/usr/local/include  '
LIBAVFILTER_LIBS='-L/usr/local/lib -lavfilter  '
LIBAVFILTER_MINVER='3.42.103'
LIBAVFORMAT_CFLAGS='-I/usr/local/include  '
LIBAVFORMAT_LIBS='-L/usr/local/lib -lavformat  '
LIBAVFORMAT_MINVER='54.63.104'
LIBAVUTIL_CFLAGS='-I/usr/local/include  '
LIBAVUTIL_LIBS='-L/usr/local/lib -lavutil  '
LIBAVUTIL_MINVER='52.18.100'
LIBDL='-ldl'
LIBOBJS=''
LIBOPENOFFICE_LIBADD=''
LIBS=''
LIBSWRESAMPLE_CFLAGS='-I/usr/local/include  '
LIBSWRESAMPLE_LIBS='-L/usr/local/lib -lswresample  '
LIBSWRESAMPLE_MINVER='0.17.102'
LIBSWSCAL_CFLAGS='-I/usr/local/include  '
LIBSWSCAL_LIBS='-L/usr/local/lib -lswscale  '
LIBSWSCAL_MINVER='2.2.100'
LTLIBOBJS=''
MAKEINFO='${SHELL} /home/suirui/mcuForRecoder/trunk/telepresence/missing --run makeinfo'
MKDIR_P='/bin/mkdir -p'
OBJEXT='o'
OPENAL_CFLAGS='-I/usr/local/include -I/usr/local/include/AL  '
OPENAL_INCLUDES_FALLBACK=''
OPENAL_LIBS='-L/usr/local/lib -lopenal  '
OPENAL_LIBS_FALLBACK=''
OPENAL_MINVER='1.15.1'
OPENOFFICE_ROOT='/opt/openoffice4'
PACKAGE='telepresence'
PACKAGE_BUGREPORT='opentelepresence(at)googlegroups(dot)com'
PACKAGE_NAME='telepresence'
PACKAGE_STRING='telepresence 2.1'
PACKAGE_TARNAME='telepresence'
PACKAGE_URL=''
PACKAGE_VERSION='2.1'
PATH_SEPARATOR=':'
PKG_CONFIG='/usr/bin/pkg-config'
PKG_CONFIG_LIBDIR=''
PKG_CONFIG_PATH=''
SED='/bin/sed'
SET_MAKE=''
SHELL='/bin/bash'
STRIP=''
TINYBFCP_CFLAGS='-I/usr/local/include/tinybfcp -I/usr/local/include/tinysak -I/usr/local/include/tinynet  '
TINYBFCP_LIBS='-L/usr/local/lib -ltinyBFCP  '
TINYDAV_CFLAGS='-I/usr/local/include/tinydav -I/usr/local/include/tinysak -I/usr/local/include/tinynet -I/usr/local/include/tinysdp -I/usr/local/include/tinybfcp -I/usr/local/include/tinyrtp -I/usr/local/include/tinymedia -I/usr/local/include/tinymsrp -I/usr/local/include/tinyhttp  '
TINYDAV_LIBS='-L/usr/local/lib -ltinyDAV  '
TINYHTTP_CFLAGS='-I/usr/local/include/tinyhttp -I/usr/local/include/tinysak -I/usr/local/include/tinynet  '
TINYHTTP_LIBS='-L/usr/local/lib -ltinyHTTP  '
TINYIPSEC_CFLAGS='-I/usr/local/include/tinyipsec -I/usr/local/include/tinysak  '
TINYIPSEC_LIBS='-L/usr/local/lib -ltinyIPSec  '
TINYMEDIA_CFLAGS='-I/usr/local/include/tinymedia -I/usr/local/include/tinysak -I/usr/local/include/tinynet -I/usr/local/include/tinysdp  '
TINYMEDIA_LIBS='-L/usr/local/lib -ltinyMEDIA  '
TINYMSRP_CFLAGS='-I/usr/local/include/tinymsrp -I/usr/local/include/tinysak -I/usr/local/include/tinynet -I/usr/local/include/tinysdp -I/usr/local/include/tinyhttp  '
TINYMSRP_LIBS='-L/usr/local/lib -ltinyMSRP  '
TINYNET_CFLAGS='-I/usr/local/include/tinynet -I/usr/local/include/tinysak  '
TINYNET_LIBS='-L/usr/local/lib -ltinyNET  '
TINYRTP_CFLAGS='-I/usr/local/include/tinyrtp -I/usr/local/include/tinysak -I/usr/local/include/tinynet -I/usr/local/include/tinymedia -I/usr/local/include/tinysdp  '
TINYRTP_LIBS='-L/usr/local/lib -ltinyRTP  '
TINYSAK_CFLAGS='-I/usr/local/include/tinysak  '
TINYSAK_LIBS='-L/usr/local/lib -ltinySAK  '
TINYSDP_CFLAGS='-I/usr/local/include/tinysdp -I/usr/local/include/tinysak  '
TINYSDP_LIBS='-L/usr/local/lib -ltinySDP  '
TINYSIGCOMP_CFLAGS='-I/usr/local/include/tinysigcomp -I/usr/local/include/tinysak  '
TINYSIGCOMP_LIBS='-L/usr/local/lib -ltinySIGCOMP  '
TINYSIP_CFLAGS='-I/usr/local/include/tinysip -I/usr/local/include/tinysak -I/usr/local/include/tinynet -I/usr/local/include/tinyhttp -I/usr/local/include/tinyipsec -I/usr/local/include/tinysdp -I/usr/local/include/tinymedia -I/usr/local/include/tinysigcomp  '
TINYSIP_LIBS='-L/usr/local/lib -ltinySIP  '
TINYSMS_CFLAGS='-I/usr/local/include/tinysms -I/usr/local/include/tinysak  '
TINYSMS_LIBS='-L/usr/local/lib -ltinySMS  '
TINYXCAP_CFLAGS='-I/usr/local/include/tinyxcap -I/usr/local/include/tinysak -I/usr/local/include/tinynet -I/usr/local/include/tinyhttp  '
TINYXCAP_LIBS='-L/usr/local/lib -ltinyXCAP  '
USE_OPENOFFICE_FALSE=''
USE_OPENOFFICE_TRUE='#'
VERSION='2.1'
ac_ct_CC='gcc'
ac_ct_CXX='g++'
am__EXEEXT_FALSE=''
am__EXEEXT_TRUE='#'
am__fastdepCC_FALSE='#'
am__fastdepCC_TRUE=''
am__fastdepCXX_FALSE='#'
am__fastdepCXX_TRUE=''
am__include='include'
am__isrc=''
am__leading_dot='.'
am__nodep='_no'
am__quote=''
am__tar='$${TAR-tar} chof - "$$tardir"'
am__untar='$${TAR-tar} xf -'
bindir='${exec_prefix}/bin'
build_alias=''
datadir='${datarootdir}'
datarootdir='${prefix}/share'
docdir='${datarootdir}/doc/${PACKAGE_TARNAME}'
dvidir='${docdir}'
exec_prefix='${prefix}'
have_libavcodec='yes'
have_libavfilter='yes'
have_libavformat='yes'
have_libavutil='yes'
have_libswresample='yes'
have_libswscale='yes'
have_openal='yes'
have_tinybfcp='yes'
have_tinydav='yes'
have_tinyhttp='yes'
have_tinyipsec='yes'
have_tinymedia='yes'
have_tinymsrp='yes'
have_tinynet='yes'
have_tinyrtp='yes'
have_tinysak='yes'
have_tinysdp='yes'
have_tinysigcomp='yes'
have_tinysip='yes'
have_tinysms='yes'
have_tinyxcap='yes'
host_alias=''
htmldir='${docdir}'
includedir='${prefix}/include'
infodir='${datarootdir}/info'
install_sh='${SHELL} /home/suirui/mcuForRecoder/trunk/telepresence/install-sh'
libdir='${exec_prefix}/lib'
libexecdir='${exec_prefix}/libexec'
localedir='${datarootdir}/locale'
localstatedir='${prefix}/var'
mandir='${datarootdir}/man'
mkdir_p='/bin/mkdir -p'
oldincludedir='/usr/include'
pdfdir='${docdir}'
prefix='/usr/local'
program_transform_name='s,x,x,'
psdir='${docdir}'
sbindir='${exec_prefix}/sbin'
sharedstatedir='${prefix}/com'
sysconfdir='${prefix}/etc'
target_alias=''

## ----------- ##
## confdefs.h. ##
## ----------- ##

/* confdefs.h */
#define PACKAGE_NAME "telepresence"
#define PACKAGE_TARNAME "telepresence"
#define PACKAGE_VERSION "2.1"
#define PACKAGE_STRING "telepresence 2.1"
#define PACKAGE_BUGREPORT "opentelepresence(at)googlegroups(dot)com"
#define PACKAGE_URL ""
#define PACKAGE "telepresence"
#define VERSION "2.1"
#define STDC_HEADERS 1
#define HAVE_SYS_TYPES_H 1
#define HAVE_SYS_STAT_H 1
#define HAVE_STDLIB_H 1
#define HAVE_STRING_H 1
#define HAVE_MEMORY_H 1
#define HAVE_STRINGS_H 1
#define HAVE_INTTYPES_H 1
#define HAVE_STDINT_H 1
#define HAVE_UNISTD_H 1
#define HAVE_UNISTD_H 1
#define HAVE_SPAWN_H 1
#define HAVE_SYS_WAIT_H 1
#define HAVE_ERRNO_H 1
#define HAVE_FORK 1
#define HAVE_VFORK 1
#define HAVE_EXECL 1
#define HAVE_POSIX_SPAWN 1
#define HAVE_WAITPID 1
#define HAVE_SETPGID 1
#define HAVE_POPEN 1
#define HAVE_PCLOSE 1
#define HAVE_FFMPEG 1
#define HAVE_OPENAL 1

configure: exit 0
